<?xml version="1.0" encoding="UTF-8"?>
<!-- Generated by org.testng.reporters.JUnitXMLReporter -->
<testsuite hostname="LAPTOP-H19DPLQJ" ignored="0" name="Default test" tests="5" failures="0" timestamp="15 Mar 2022 06:10:51 GMT" time="8.578" errors="0">
  <testcase name="createUser" time="2.892" classname="IBM.RestAssured.RestAssuredTask1"/>
  <testcase name="modifyUser" time="1.445" classname="IBM.RestAssured.RestAssuredTask1"/>
  <testcase name="userLogin" time="1.395" classname="IBM.RestAssured.RestAssuredTask1"/>
  <testcase name="userDelete" time="1.457" classname="IBM.RestAssured.RestAssuredTask1"/>
  <testcase name="userLogout" time="1.358" classname="IBM.RestAssured.RestAssuredTask1"/>
</testsuite> <!-- Default test -->
